<?xml version="1.0" encoding="UTF-8"?>
<testsuite xmlns:xsi="http://www.w3.org/2001/XMLSchema-instance" xsi:noNamespaceSchemaLocation="https://maven.apache.org/surefire/maven-surefire-plugin/xsd/surefire-test-report-3.0.xsd" version="3.0" name="TestSuite" time="94.965" tests="2" errors="0" skipped="0" failures="2">
  <properties>
[...]
</properties>
  <testcase name="runScenario[&quot;Bug 669 Source code download&quot;, &quot;Optional[Anomalies Majeures]&quot;](1)" classname="com.orangebank.TestRunner" time="59.112">
    <failure message="expected [true] but found [false]" type="java.lang.AssertionError"><![CDATA[java.lang.AssertionError: expected [true] but found [false]
]]></failure>
    <system-out><![CDATA[
Scenario: Bug 669 Source code download     &amp#27;[90m# src/test/resources/features/MajorAbnormalities.feature:6&amp#27;[0m
/Users/dylanIsrael/IdeaProjects/cucumber/OrangeBankTestAutomation/src/test/resources/webDrivers/chromedriver
voici le driver ChromeDriver: chrome on MAC (701c34904af54b035597d919eb5a4597)
  &amp#27;[32mGiven &amp#27;[0m&amp#27;[32muser is on home page&amp#27;[0m               &amp#27;[90m# com.orangebank.stepDefinitions.Bug669Stepdefs.userIsOnHomePage()&amp#27;[0m
  &amp#27;[32mAnd &amp#27;[0m&amp#27;[32muser click on notre idee de banque&amp#27;[0m   &amp#27;[90m# com.orangebank.stepDefinitions.Bug669Stepdefs.userClickOnNotreIdeeDeBanque()&amp#27;[0m
  &amp#27;[32mWhen &amp#27;[0m&amp#27;[32muser click on campagne de lancement&amp#27;[0m &amp#27;[90m# com.orangebank.stepDefinitions.Bug669Stepdefs.userClickOnCampagneDeLancement()&amp#27;[0m
fichier trouve  true
/Users/dylanIsrael/Downloads/oembed
❌ KO Le fichier est telecharge bug non corrige
  &amp#27;[31mThen &amp#27;[0m&amp#27;[31mNo files should be downloaded&amp#27;[0m       &amp#27;[90m# com.orangebank.stepDefinitions.Bug669Stepdefs.aucunFichierNeDevraitEtreTelecharge()&amp#27;[0m
      &amp#27;[31mjava.lang.AssertionError: expected [true] but found [false]
	at org.testng.Assert.fail(Assert.java:99)
	at org.testng.Assert.failNotEquals(Assert.java:1037)
	at org.testng.Assert.assertTrue(Assert.java:45)
	at org.testng.Assert.assertTrue(Assert.java:55)
	at com.orangebank.pages.LabanquemobilePage.verifictionBug669(LabanquemobilePage.java:34)
	at com.orangebank.stepDefinitions.Bug669Stepdefs.aucunFichierNeDevraitEtreTelecharge(Bug669Stepdefs.java:30)
	at ���.No files should be downloaded(file:///Users/dylanIsrael/IdeaProjects/cucumber/OrangeBankTestAutomation/src/test/resources/features/MajorAbnormalities.feature:9)
&amp#27;[0m
Mail sent successfully
]]></system-out>
    <system-err><![CDATA[Starting ChromeDriver 90.0.4430.24 (4c6d850f087da467d926e8eddb76550aed655991-refs/branch-heads/4430@{#429}) on port 47301
Only local connections are allowed.
Please see https://chromedriver.chromium.org/security-considerations for suggestions on keeping ChromeDriver safe.
ChromeDriver was started successfully.
[1623235980.025][WARNING]: Deprecated chrome option is ignored: useAutomationExtension
[1623235980.025][WARNING]: Deprecated chrome option is ignored: useAutomationExtension
[1623235982.261][WARNING]: This version of ChromeDriver has not been tested with Chrome version 91.
juin 09, 2021 11:53:02 AM org.openqa.selenium.remote.ProtocolHandshake createSession
INFOS: Detected dialect: W3C
]]></system-err>
  </testcase>
  <testcase name="runScenario[&quot;Bug 663 Empty menu displayed&quot;, &quot;Optional[Annomalies mineures]&quot;](2)" classname="com.orangebank.TestRunner" time="31.219">
    <failure message="expected [true] but found [false]" type="java.lang.AssertionError"><![CDATA[java.lang.AssertionError: expected [true] but found [false]
]]></failure>
    <system-out><![CDATA[
Scenario: Bug 663 Empty menu displayed             &amp#27;[90m# src/test/resources/features/MinorAbnormalities.feature:6&amp#27;[0m
/Users/dylanIsrael/IdeaProjects/cucumber/OrangeBankTestAutomation/src/test/resources/webDrivers/chromedriver
voici le driver ChromeDriver: chrome on MAC (1067d2d343c95fb86a66e79764709305)
  &amp#27;[32mGiven &amp#27;[0m&amp#27;[32muser is on home page&amp#27;[0m                       &amp#27;[90m# com.orangebank.stepDefinitions.Bug669Stepdefs.userIsOnHomePage()&amp#27;[0m
  &amp#27;[32mAnd &amp#27;[0m&amp#27;[32mgo to ForumBankOrange&amp#27;[0m                        &amp#27;[90m# com.orangebank.stepDefinitions.Bug663Stepdefs.goToForumBankOrange()&amp#27;[0m
  &amp#27;[32mAnd &amp#27;[0m&amp#27;[32mclick on first question and choose read more&amp#27;[0m &amp#27;[90m# com.orangebank.stepDefinitions.Bug663Stepdefs.clickOnFirstQuestionAndChooseReadMore()&amp#27;[0m
  &amp#27;[32mWhen &amp#27;[0m&amp#27;[32muser click on the dropdown&amp#27;[0m                  &amp#27;[90m# com.orangebank.stepDefinitions.Bug663Stepdefs.userClickOnTheDropdown()&amp#27;[0m
{width=0, height=0}
0
❌ KO La contenu du menu n'est pas visible Bug non corrige
  &amp#27;[31mThen &amp#27;[0m&amp#27;[31ma content should be displayed in&amp#27;[0m            &amp#27;[90m# com.orangebank.stepDefinitions.Bug663Stepdefs.aContentShouldBeDisplayedIn()&amp#27;[0m
      &amp#27;[31mjava.lang.AssertionError: expected [true] but found [false]
	at org.testng.Assert.fail(Assert.java:99)
	at org.testng.Assert.failNotEquals(Assert.java:1037)
	at org.testng.Assert.assertTrue(Assert.java:45)
	at org.testng.Assert.assertTrue(Assert.java:55)
	at com.orangebank.pages.ForumOrangebankPage.verificationBug663(ForumOrangebankPage.java:57)
	at com.orangebank.stepDefinitions.Bug663Stepdefs.aContentShouldBeDisplayedIn(Bug663Stepdefs.java:30)
	at ���.a content should be displayed in(file:///Users/dylanIsrael/IdeaProjects/cucumber/OrangeBankTestAutomation/src/test/resources/features/MinorAbnormalities.feature:10)
&amp#27;[0m
Mail sent successfully
]]></system-out>
    <system-err><![CDATA[Starting ChromeDriver 90.0.4430.24 (4c6d850f087da467d926e8eddb76550aed655991-refs/branch-heads/4430@{#429}) on port 47446
Only local connections are allowed.
Please see https://chromedriver.chromium.org/security-considerations for suggestions on keeping ChromeDriver safe.
ChromeDriver was started successfully.
[1623236038.153][WARNING]: Deprecated chrome option is ignored: useAutomationExtension
[1623236038.153][WARNING]: Deprecated chrome option is ignored: useAutomationExtension
[1623236039.508][WARNING]: This version of ChromeDriver has not been tested with Chrome version 91.
juin 09, 2021 11:53:59 AM org.openqa.selenium.remote.ProtocolHandshake createSession
INFOS: Detected dialect: W3C
]]></system-err>
  </testcase>
</testsuite>